2026-03-11 13:46:36, MOVE, v:1, k:sandbox@user_001, mode:PICK
2026-03-11 13:49:59, EXEC, v:1, k:sandbox@user_001, mode:LOCK, rate:0, size:32
2026-03-11 13:50:00, EXEC, v:1, k:sandbox@user_001, mode:LOCK, rate:0
2026-03-11 13:50:25, EXEC, v:1, k:sandbox@user_001, mode:LOCK, rate:0, size:32
2026-03-11 13:50:27, EXEC, v:1, k:sandbox@user_001, mode:LOCK, rate:0
2026-03-11 13:50:28, EXEC, v:1, k:sandbox@user_001, mode:LOCK, rate:0
2026-03-11 13:50:29, EXEC, v:1, k:sandbox@user_001, mode:LOCK, rate:0
2026-03-11 13:51:03, EXEC, v:1, k:sandbox@user_001, mode:LOCK, rate:0, size:11
2026-03-11 13:51:13, EXEC, v:1, k:sandbox@user_001, mode:LOCK, rate:0
2026-03-11 13:53:51, MOVE, v:1, k:sandbox@user_001, mode:BACK
2026-03-11 14:01:54, MOVE, v:1, k:sandbox@user_001, mode:PICK
2026-03-11 14:02:11, EXEC, v:1, k:sandbox@user_001, mode:LOCK, rate:0, size:28
2026-03-11 19:37:11, MOVE, v:1, k:sandbox@user_001, mode:PICK
2026-03-11 19:51:26, MOVE, v:1, k:ed@pintando, mode:DOWN
2026-03-11 19:51:33, MOVE, v:1, k:ed@pintando, mode:PICK
2026-03-11 20:19:22, EXEC, v:1, k:ed@pintando, mode:FULL, rate:0, size:18
2026-03-11 20:20:35, EXEC, v:1, k:ed@pintando, mode:FULL, rate:0, size:19
2026-03-11 20:20:42, EXEC, v:1, k:ed@pintando, mode:FULL, rate:0, size:19
2026-03-11 20:28:24, EXEC, v:1, k:ed@pintando, mode:FULL, rate:0, size:19
2026-03-11 20:29:19, EXEC, v:1, k:ed@pintando, mode:FULL, rate:0, size:19
2026-03-11 20:30:03, EXEC, v:1, k:ed@pintando, mode:FULL, rate:0, size:19
2026-03-11 20:30:10, EXEC, v:1, k:ed@pintando, mode:FULL, rate:0
2026-03-11 20:31:24, EXEC, v:1, k:ed@pintando, mode:FREE
2026-03-11 20:32:38, EXEC, v:1, k:ed@pintando, mode:FULL, rate:0, size:19
2026-03-11 20:48:51, EXEC, v:1, k:ed@pintando, mode:FULL, rate:0, size:19
2026-03-11 20:52:04, EXEC, v:1, k:ed@pintando, mode:FULL, rate:0, size:19
